# JRE version: OpenJDK Runtime Environment (11.0.13) (build 11.0.13+0-b1751.21-8125866)
# Java VM: OpenJDK 64-Bit Server VM (11.0.13+0-b1751.21-8125866, mixed mode, tiered, compressed oops, g1 gc, linux-amd64)
Heap:
 garbage-first heap   total 398336K, used 329661K [0x0000000080000000, 0x0000000100000000)
  region size 1024K, 155 young (158720K), 18 survivors (18432K)
 Metaspace       used 151695K, capacity 156006K, committed 163928K, reserved 1191936K
  class space    used 18562K, capacity 20240K, committed 21964K, reserved 1048576K
GC Heap History (20 events):
Event: 57,088 GC heap after
{Heap after GC invocations=35 (full 0):
 garbage-first heap   total 398336K, used 174250K [0x0000000080000000, 0x0000000100000000)
  region size 1024K, 6 young (6144K), 6 survivors (6144K)
 Metaspace       used 135520K, capacity 139221K, committed 139352K, reserved 1171456K
  class space    used 16704K, capacity 18092K, committed 18124K, reserved 1048576K
}
Event: 58,454 GC heap before
{Heap before GC invocations=35 (full 0):
 garbage-first heap   total 398336K, used 314538K [0x0000000080000000, 0x0000000100000000)
  region size 1024K, 142 young (145408K), 6 survivors (6144K)
 Metaspace       used 137742K, capacity 141631K, committed 141656K, reserved 1173504K
  class space    used 16939K, capacity 18358K, committed 18380K, reserved 1048576K
}
Event: 58,499 GC heap after
{Heap after GC invocations=36 (full 0):
 garbage-first heap   total 398336K, used 185653K [0x0000000080000000, 0x0000000100000000)
  region size 1024K, 15 young (15360K), 15 survivors (15360K)
 Metaspace       used 137742K, capacity 141631K, committed 141656K, reserved 1173504K
  class space    used 16939K, capacity 18358K, committed 18380K, reserved 1048576K
}
Event: 60,432 GC heap before
{Heap before GC invocations=36 (full 0):
 garbage-first heap   total 398336K, used 322869K [0x0000000080000000, 0x0000000100000000)
  region size 1024K, 147 young (150528K), 15 survivors (15360K)
 Metaspace       used 147361K, capacity 151585K, committed 151896K, reserved 1181696K
  class space    used 18058K, capacity 19590K, committed 19660K, reserved 1048576K
}
Event: 60,473 GC heap after
{Heap after GC invocations=37 (full 0):
 garbage-first heap   total 398336K, used 199573K [0x0000000080000000, 0x0000000100000000)
  region size 1024K, 16 young (16384K), 16 survivors (16384K)
 Metaspace       used 147361K, capacity 151585K, committed 151896K, reserved 1181696K
  class space    used 18058K, capacity 19590K, committed 19660K, reserved 1048576K
}
Event: 61,762 GC heap before
{Heap before GC invocations=37 (full 0):
 garbage-first heap   total 398336K, used 320405K [0x0000000080000000, 0x0000000100000000)
  region size 1024K, 135 young (138240K), 16 survivors (16384K)
 Metaspace       used 151468K, capacity 156215K, committed 156376K, reserved 1185792K
  class space    used 18652K, capacity 20427K, committed 20556K, reserved 1048576K
}
Event: 61,797 GC heap after
{Heap after GC invocations=38 (full 0):
 garbage-first heap   total 398336K, used 194009K [0x0000000080000000, 0x0000000100000000)
  region size 1024K, 4 young (4096K), 4 survivors (4096K)
 Metaspace       used 151468K, capacity 156215K, committed 156376K, reserved 1185792K
  class space    used 18652K, capacity 20427K, committed 20556K, reserved 1048576K
}
Event: 63,478 GC heap before
{Heap before GC invocations=39 (full 0):
 garbage-first heap   total 398336K, used 330201K [0x0000000080000000, 0x0000000100000000)
  region size 1024K, 132 young (135168K), 4 survivors (4096K)
 Metaspace       used 152192K, capacity 157058K, committed 157272K, reserved 1185792K
  class space    used 19002K, capacity 20867K, committed 20940K, reserved 1048576K
}
Event: 63,513 GC heap after
{Heap after GC invocations=40 (full 0):
 garbage-first heap   total 398336K, used 209369K [0x0000000080000000, 0x0000000100000000)
  region size 1024K, 17 young (17408K), 17 survivors (17408K)
 Metaspace       used 152192K, capacity 157058K, committed 157272K, reserved 1185792K
  class space    used 19002K, capacity 20867K, committed 20940K, reserved 1048576K
}
Event: 63,542 GC heap before
{Heap before GC invocations=40 (full 0):
 garbage-first heap   total 398336K, used 211417K [0x0000000080000000, 0x0000000100000000)
  region size 1024K, 19 young (19456K), 17 survivors (17408K)
 Metaspace       used 152631K, capacity 157550K, committed 157784K, reserved 1185792K
  class space    used 19058K, capacity 20924K, committed 20940K, reserved 1048576K
}
Event: 63,571 GC heap after
{Heap after GC invocations=41 (full 0):
 garbage-first heap   total 398336K, used 201509K [0x0000000080000000, 0x0000000100000000)
  region size 1024K, 2 young (2048K), 2 survivors (2048K)
 Metaspace       used 152631K, capacity 157550K, committed 157784K, reserved 1185792K
  class space    used 19058K, capacity 20924K, committed 20940K, reserved 1048576K
}
Event: 64,886 GC heap before
{Heap before GC invocations=41 (full 0):
 garbage-first heap   total 398336K, used 321317K [0x0000000080000000, 0x0000000100000000)
  region size 1024K, 121 young (123904K), 2 survivors (2048K)
 Metaspace       used 157243K, capacity 162500K, committed 162648K, reserved 1189888K
  class space    used 19634K, capacity 21638K, committed 21708K, reserved 1048576K
}
Event: 64,903 GC heap after
{Heap after GC invocations=42 (full 0):
 garbage-first heap   total 398336K, used 205989K [0x0000000080000000, 0x0000000100000000)
  region size 1024K, 7 young (7168K), 7 survivors (7168K)
 Metaspace       used 157243K, capacity 162500K, committed 162648K, reserved 1189888K
  class space    used 19634K, capacity 21638K, committed 21708K, reserved 1048576K
}
Event: 66,458 GC heap before
{Heap before GC invocations=43 (full 0):
 garbage-first heap   total 398336K, used 325797K [0x0000000080000000, 0x0000000100000000)
  region size 1024K, 125 young (128000K), 7 survivors (7168K)
 Metaspace       used 146790K, capacity 151194K, committed 163928K, reserved 1191936K
  class space    used 18256K, capacity 19948K, committed 21964K, reserved 1048576K
}
Event: 66,471 GC heap after
{Heap after GC invocations=44 (full 0):
 garbage-first heap   total 398336K, used 198644K [0x0000000080000000, 0x0000000100000000)
  region size 1024K, 4 young (4096K), 4 survivors (4096K)
 Metaspace       used 146790K, capacity 151194K, committed 163928K, reserved 1191936K
  class space    used 18256K, capacity 19948K, committed 21964K, reserved 1048576K
}
Event: 66,802 GC heap before
{Heap before GC invocations=44 (full 0):
 garbage-first heap   total 398336K, used 228340K [0x0000000080000000, 0x0000000100000000)
  region size 1024K, 19 young (19456K), 4 survivors (4096K)
 Metaspace       used 148027K, capacity 152465K, committed 163928K, reserved 1191936K
  class space    used 18419K, capacity 20115K, committed 21964K, reserved 1048576K
}
Event: 66,821 GC heap after
{Heap after GC invocations=45 (full 0):
 garbage-first heap   total 398336K, used 190895K [0x0000000080000000, 0x0000000100000000)
  region size 1024K, 2 young (2048K), 2 survivors (2048K)
 Metaspace       used 148027K, capacity 152465K, committed 163928K, reserved 1191936K
  class space    used 18419K, capacity 20115K, committed 21964K, reserved 1048576K
}
Event: 2322,698 GC heap before
{Heap before GC invocations=45 (full 0):
 garbage-first heap   total 398336K, used 328111K [0x0000000080000000, 0x0000000100000000)
  region size 1024K, 137 young (140288K), 2 survivors (2048K)
 Metaspace       used 151484K, capacity 156049K, committed 163928K, reserved 1191936K
  class space    used 18675K, capacity 20457K, committed 21964K, reserved 1048576K
}
Event: 2322,847 GC heap after
{Heap after GC invocations=46 (full 0):
 garbage-first heap   total 398336K, used 192445K [0x0000000080000000, 0x0000000100000000)
  region size 1024K, 3 young (3072K), 3 survivors (3072K)
 Metaspace       used 151484K, capacity 156049K, committed 163928K, reserved 1191936K
  class space    used 18675K, capacity 20457K, committed 21964K, reserved 1048576K
}
Event: 2951,358 GC heap before
{Heap before GC invocations=47 (full 0):
 garbage-first heap   total 398336K, used 329661K [0x0000000080000000, 0x0000000100000000)
  region size 1024K, 140 young (143360K), 3 survivors (3072K)
 Metaspace       used 151695K, capacity 156006K, committed 163928K, reserved 1191936K
  class space    used 18562K, capacity 20240K, committed 21964K, reserved 1048576K
}

